<?xml version="1.0" encoding="UTF-8"?>
<testng-results ignored="0" total="1" passed="1" failed="0" skipped="0">
  <reporter-output>
  </reporter-output>
  <suite started-at="2021-01-27T05:04:03Z" name="Default suite" finished-at="2021-01-27T05:04:20Z" duration-ms="16540">
    <groups>
    </groups>
    <test started-at="2021-01-27T05:04:03Z" name="Default test" finished-at="2021-01-27T05:04:20Z" duration-ms="16540">
      <class name="com.automationpractice.misc.DriverSwitch">
        <test-method is-config="true" signature="openBrowser()[pri:0, instance:com.automationpractice.misc.DriverSwitch@fdefd3f]" started-at="2021-01-27T05:04:03Z" name="openBrowser" finished-at="2021-01-27T05:04:09Z" duration-ms="5920" status="PASS">
          <reporter-output>
          </reporter-output>
        </test-method> <!-- openBrowser -->
        <test-method signature="handlingAllert()[pri:0, instance:com.automationpractice.misc.DriverSwitch@fdefd3f]" started-at="2021-01-27T05:04:09Z" name="handlingAllert" finished-at="2021-01-27T05:04:20Z" duration-ms="10603" status="PASS">
          <reporter-output>
          </reporter-output>
        </test-method> <!-- handlingAllert -->
        <test-method is-config="true" signature="closeBrowser()[pri:0, instance:com.automationpractice.misc.DriverSwitch@fdefd3f]" started-at="2021-01-27T05:04:20Z" name="closeBrowser" finished-at="2021-01-27T05:04:20Z" duration-ms="1" status="PASS">
          <reporter-output>
          </reporter-output>
        </test-method> <!-- closeBrowser -->
      </class> <!-- com.automationpractice.misc.DriverSwitch -->
    </test> <!-- Default test -->
  </suite> <!-- Default suite -->
</testng-results>
